SF:lib/parking_lot/data/models/api_response.dart
DA:12,2
DA:19,0
DA:23,0
DA:24,0
DA:27,0
DA:29,0
DA:30,0
DA:31,0
DA:35,0
LF:9
LH:1
end_of_record
SF:lib/parking_lot/data/models/api_response.g.dart
DA:9,0
DA:10,0
DA:11,0
DA:12,0
DA:13,0
DA:16,0
DA:17,0
DA:18,0
DA:19,0
DA:20,0
DA:21,0
LF:11
LH:0
end_of_record
SF:lib/parking_lot/data/models/parking_dto.dart
DA:6,3
DA:12,2
DA:13,2
DA:14,2
DA:15,2
DA:16,2
DA:20,2
DA:21,2
DA:22,2
DA:23,2
DA:24,2
DA:36,3
DA:44,2
DA:45,2
DA:46,2
DA:47,2
DA:48,2
DA:49,2
DA:50,2
DA:54,2
DA:55,2
DA:56,4
DA:57,4
DA:58,4
DA:59,2
DA:60,4
DA:70,2
DA:76,2
DA:77,2
DA:78,2
DA:79,2
DA:80,2
DA:84,2
DA:85,2
DA:86,2
DA:87,2
DA:88,2
LF:37
LH:37
end_of_record
SF:lib/parking_lot/data/remote/parking_remote_source.dart
DA:12,0
DA:19,1
DA:21,0
DA:47,0
DA:48,0
DA:49,0
DA:50,0
DA:51,0
DA:52,0
DA:53,0
DA:63,0
DA:64,0
DA:65,0
DA:66,0
DA:67,0
DA:68,0
DA:70,0
DA:71,0
DA:72,0
DA:79,0
DA:80,0
DA:81,0
DA:82,0
DA:83,0
DA:85,0
DA:92,0
DA:94,0
DA:95,0
DA:96,0
DA:98,0
DA:106,0
DA:107,0
DA:108,0
DA:109,0
DA:110,0
DA:113,0
DA:114,0
DA:115,0
DA:123,0
DA:124,0
DA:125,0
DA:126,0
LF:42
LH:1
end_of_record
SF:lib/parking_lot/data/repositories/parking_repository_impl.dart
DA:11,1
DA:12,1
DA:15,1
DA:17,2
DA:19,5
DA:20,1
DA:23,1
DA:25,2
DA:27,5
DA:28,1
DA:31,1
DA:33,2
DA:34,2
DA:35,1
DA:38,1
DA:40,1
DA:41,1
DA:42,2
DA:45,1
DA:47,2
DA:49,5
DA:50,1
DA:53,1
DA:55,2
DA:56,2
DA:57,1
LF:26
LH:26
end_of_record
SF:lib/parking_lot/domain/entities/parking_entities.dart
DA:8,6
DA:10,2
DA:15,2
DA:16,2
DA:17,2
DA:18,0
DA:29,7
DA:36,1
DA:42,1
DA:43,1
DA:44,1
DA:45,1
DA:46,0
DA:55,1
LF:14
LH:12
end_of_record
SF:lib/parking_lot/data/mappers/parking_mapper.dart
DA:5,1
DA:6,1
DA:7,1
DA:8,1
DA:9,1
DA:15,2
DA:16,2
DA:17,2
DA:18,4
DA:19,2
DA:20,2
DA:26,1
DA:27,4
DA:32,1
DA:33,4
LF:15
LH:15
end_of_record
SF:lib/core/network/injection.dart
DA:5,3
DA:7,0
DA:9,0
LF:3
LH:1
end_of_record
SF:lib/core/network/dio_client.dart
DA:22,0
DA:26,0
DA:27,0
DA:28,0
DA:32,0
DA:40,0
DA:42,0
DA:45,0
DA:48,0
DA:49,0
DA:50,0
DA:51,0
DA:52,0
DA:54,0
DA:55,0
DA:56,0
DA:57,0
DA:58,0
DA:60,0
DA:67,0
DA:72,0
DA:76,0
DA:84,0
DA:86,0
DA:94,0
DA:97,0
DA:103,0
DA:111,0
DA:118,0
DA:127,0
DA:134,0
DA:143,0
DA:150,0
DA:161,0
DA:163,0
DA:164,0
DA:169,0
LF:37
LH:0
end_of_record
SF:lib/main.dart
DA:8,0
DA:9,0
DA:10,0
DA:14,9
DA:17,1
DA:19,1
DA:21,1
DA:22,1
DA:31,8
DA:33,1
DA:35,1
DA:36,1
DA:41,1
DA:42,1
DA:44,1
DA:50,1
DA:51,0
DA:52,0
DA:54,0
DA:57,1
DA:64,1
DA:65,0
DA:66,0
DA:68,0
DA:69,0
DA:70,0
DA:71,0
DA:76,1
LF:28
LH:16
end_of_record
SF:lib/animations/stopwatch.dart
DA:4,8
DA:6,0
DA:7,0
DA:16,0
DA:18,0
DA:19,0
DA:22,0
DA:23,0
DA:27,0
DA:29,0
DA:30,0
DA:33,0
DA:34,0
DA:35,0
DA:36,0
DA:37,0
DA:40,0
DA:42,0
DA:43,0
DA:47,0
DA:48,0
DA:49,0
DA:50,0
DA:51,0
DA:52,0
DA:56,0
DA:57,0
DA:58,0
DA:60,0
DA:62,0
DA:63,0
DA:66,0
DA:68,0
DA:69,0
DA:70,0
DA:72,0
DA:73,0
DA:74,0
DA:75,0
DA:80,0
DA:82,0
DA:83,0
DA:84,0
DA:85,0
DA:88,0
DA:89,0
LF:46
LH:1
end_of_record
SF:lib/parking_lot/injection/parking_injection.dart
DA:15,0
DA:16,0
DA:19,0
DA:20,0
DA:22,0
DA:23,0
DA:24,0
DA:25,0
DA:26,0
DA:30,0
LF:10
LH:0
end_of_record
SF:lib/parking_lot/presentation/screens/parking_lot_screen.dart
DA:14,0
DA:21,0
DA:23,0
DA:24,0
DA:25,0
DA:26,0
DA:27,0
DA:30,0
DA:33,0
DA:34,0
DA:35,0
DA:45,0
DA:47,0
DA:49,0
DA:52,0
DA:53,0
DA:54,0
DA:55,0
DA:57,0
DA:59,0
DA:60,0
DA:62,0
DA:65,0
DA:68,0
DA:71,0
DA:73,0
DA:76,0
DA:78,0
DA:79,0
DA:81,0
DA:95,0
DA:101,0
DA:103,0
DA:111,0
DA:112,0
DA:113,0
DA:114,0
DA:116,0
DA:127,0
DA:133,0
DA:138,0
DA:139,0
DA:142,0
DA:143,0
DA:146,0
DA:147,0
DA:148,0
DA:149,0
DA:151,0
DA:154,0
DA:155,0
DA:157,0
DA:158,0
DA:159,0
DA:163,0
DA:165,0
DA:166,0
DA:169,0
DA:171,0
DA:176,0
DA:177,0
DA:178,0
DA:179,0
DA:191,8
DA:193,0
DA:194,0
DA:199,0
DA:200,0
DA:202,0
DA:204,0
DA:205,0
DA:206,0
DA:207,0
DA:208,0
DA:212,0
DA:213,0
DA:214,0
DA:215,0
DA:219,0
DA:220,0
DA:221,0
DA:222,0
DA:231,0
DA:233,0
DA:234,0
DA:235,0
DA:238,0
DA:240,0
DA:242,0
DA:245,0
DA:246,0
DA:251,0
DA:252,0
DA:253,0
DA:256,0
DA:257,0
DA:258,0
DA:259,0
DA:261,0
DA:270,0
DA:271,0
DA:273,0
DA:274,0
DA:275,0
DA:276,0
DA:277,0
DA:283,0
DA:285,0
DA:286,0
DA:287,0
DA:288,0
DA:292,0
DA:294,0
DA:295,0
DA:317,0
DA:318,0
DA:319,0
DA:321,0
DA:325,0
DA:326,0
DA:327,0
DA:328,0
DA:329,0
DA:330,0
DA:338,0
DA:339,0
DA:340,0
DA:344,0
DA:345,0
DA:348,0
DA:349,0
DA:350,0
DA:351,0
DA:353,0
DA:354,0
DA:355,0
DA:356,0
DA:366,0
DA:367,0
DA:368,0
DA:383,0
DA:389,0
DA:391,0
DA:393,0
DA:395,0
DA:397,0
DA:399,0
DA:400,0
DA:401,0
DA:402,0
DA:403,0
DA:405,0
DA:410,0
DA:411,0
DA:412,0
LF:155
LH:1
end_of_record
SF:lib/parking_lot/domain/strategies/pricing_strategies.dart
DA:11,2
DA:13,2
DA:15,8
DA:18,1
DA:25,2
DA:27,2
DA:29,8
DA:32,0
DA:39,2
DA:41,2
DA:44,2
DA:47,1
DA:55,2
DA:57,2
DA:59,8
DA:62,1
DA:63,3
DA:76,2
DA:83,2
DA:84,2
DA:89,2
DA:96,2
DA:97,2
DA:102,2
DA:109,2
DA:110,2
DA:114,2
DA:115,2
DA:116,1
DA:117,2
DA:118,2
DA:124,6
DA:125,2
DA:126,2
DA:127,2
DA:130,2
DA:137,6
DA:138,2
LF:38
LH:37
end_of_record
SF:lib/parking_lot/domain/usecases/get_active_tickets_use_case.dart
DA:9,1
DA:11,1
DA:13,2
DA:15,2
LF:4
LH:4
end_of_record
SF:lib/parking_lot/domain/usecases/get_all_slots_use_case.dart
DA:9,1
DA:11,1
DA:13,2
DA:15,2
LF:4
LH:4
end_of_record
SF:lib/parking_lot/domain/usecases/park_vehicle_use_case.dart
DA:7,1
DA:9,1
DA:11,2
DA:12,1
DA:13,3
DA:14,3
DA:17,2
DA:19,2
LF:8
LH:8
end_of_record
SF:lib/parking_lot/domain/usecases/unpark_vehicle_use_case.dart
DA:10,1
DA:12,1
DA:14,2
DA:15,3
DA:17,1
DA:22,1
DA:23,2
DA:27,2
LF:8
LH:8
end_of_record
SF:lib/parking_lot/presentation/bloc/parking_bloc.dart
DA:23,1
DA:28,1
DA:29,2
DA:30,2
DA:31,2
DA:32,2
DA:33,2
DA:34,2
DA:37,1
DA:41,3
DA:43,2
DA:45,3
DA:46,2
DA:47,3
DA:49,4
DA:50,3
DA:51,1
DA:54,1
DA:55,3
DA:60,4
DA:64,1
DA:69,3
DA:70,3
DA:73,2
DA:74,2
DA:77,3
DA:79,4
DA:83,1
DA:88,3
DA:89,2
DA:90,1
DA:91,1
DA:95,0
DA:96,0
DA:97,0
DA:101,0
DA:102,0
DA:104,0
DA:106,0
DA:109,0
DA:111,4
DA:115,1
DA:120,4
DA:122,0
DA:126,1
DA:131,3
DA:132,2
DA:133,3
DA:135,4
DA:139,1
DA:144,3
DA:145,2
DA:146,3
DA:148,4
DA:152,1
DA:154,1
DA:155,1
LF:57
LH:48
end_of_record
SF:lib/parking_lot/presentation/bloc/parking_event.dart
DA:9,1
DA:14,1
DA:20,1
DA:25,1
LF:4
LH:4
end_of_record
SF:lib/parking_lot/presentation/bloc/parking_state.dart
DA:22,10
DA:33,0
DA:34,3
DA:35,3
DA:36,3
DA:38,1
DA:48,1
DA:49,1
DA:50,2
DA:51,1
DA:52,1
DA:53,1
DA:54,1
DA:56,2
DA:58,1
DA:62,2
DA:64,2
DA:66,1
DA:69,1
DA:74,1
DA:75,1
DA:76,6
DA:79,1
DA:85,1
DA:89,1
DA:90,1
DA:91,1
DA:92,3
DA:93,1
DA:94,1
DA:95,0
DA:96,1
DA:100,0
DA:101,0
DA:102,0
DA:106,0
DA:107,0
DA:108,0
DA:109,0
DA:110,0
DA:119,0
LF:41
LH:30
end_of_record
SF:lib/parking_lot/domain/usecases/get_available_slots_use_case.dart
DA:9,1
DA:11,1
DA:13,2
DA:15,2
LF:4
LH:4
end_of_record
